#
# There is insufficient memory for the Java Runtime Environment to continue.
# Native memory allocation (mmap) failed to map 132120576 bytes for G1 virtual space
# Possible reasons:
#   The system is out of physical RAM or swap space
#   The process is running with CompressedOops enabled, and the Java Heap may be blocking the growth of the native heap
# Possible solutions:
#   Reduce memory load on the system
#   Increase physical memory or swap space
#   Check if swap backing store is full
#   Decrease Java heap size (-Xmx/-Xms)
#   Decrease number of Java threads
#   Decrease Java thread stack sizes (-Xss)
#   Set larger code cache with -XX:ReservedCodeCacheSize=
#   JVM is running with Unscaled Compressed Oops mode in which the Java heap is
#     placed in the first 4GB address space. The Java Heap base address is the
#     maximum limit for the native heap growth. Please use -XX:HeapBaseMinAddress
#     to set the Java Heap base and to place the Java Heap above 4GB virtual address.
# This output file may be truncated or incomplete.
#
#  Out of Memory Error (os_windows.cpp:3536), pid=27088, tid=18972
#
# JRE version:  (19.0.2+7) (build )
# Java VM: Java HotSpot(TM) 64-Bit Server VM (19.0.2+7-44, mixed mode, sharing, tiered, compressed oops, compressed class ptrs, g1 gc, windows-amd64)
# No core dump will be written. Minidumps are not enabled by default on client versions of Windows
#

---------------  S U M M A R Y ------------

Command Line: -Dorg.gradle.appname=gradlew org.gradle.wrapper.GradleWrapperMain -q -Ptarget-platform=android-arm64 -Ptarget=D:\Projects\flutter_projects\Monarchium\lib\main.dart -Pbase-application-name=android.app.Application -Pdart-defines=RkxVVFRFUl9XRUJfQVVUT19ERVRFQ1Q9dHJ1ZQ== -Pdart-obfuscation=false -Ptrack-widget-creation=true -Ptree-shake-icons=false -Pfilesystem-scheme=org-dartlang-root assembleDebug

Host: Intel(R) Core(TM) i7-1065G7 CPU @ 1.30GHz, 8 cores, 7G,  Windows 11 , 64 bit Build 22621 (10.0.22621.1194)
Time: Fri Mar  3 11:51:03 2023 Central European Standard Time elapsed time: 0.052792 seconds (0d 0h 0m 0s)

---------------  T H R E A D  ---------------

Current thread (0x0000023e6b51fcf0):  JavaThread "Unknown thread" [_thread_in_vm, id=18972, stack(0x000000d83a500000,0x000000d83a600000)]

Stack: [0x000000d83a500000,0x000000d83a600000]
Native frames: (J=compiled Java code, j=interpreted, Vv=VM code, C=native code)
V  [jvm.dll+0x6ee21a]
V  [jvm.dll+0x85765e]
V  [jvm.dll+0x85904e]
V  [jvm.dll+0x859703]
V  [jvm.dll+0x28298f]
V  [jvm.dll+0x6eb009]
V  [jvm.dll+0x6dfbaa]
V  [jvm.dll+0x3573f6]
V  [jvm.dll+0x35ee56]
V  [jvm.dll+0x3b541e]
V  [jvm.dll+0x3b564f]
V  [jvm.dll+0x32c9ea]
V  [jvm.dll+0x32d89e]
V  [jvm.dll+0x821780]
V  [jvm.dll+0x3c2661]
V  [jvm.dll+0x801f51]
V  [jvm.dll+0x44ae8f]
V  [jvm.dll+0x44c811]
C  [jli.dll+0x5287]
C  [ucrtbase.dll+0x29363]
C  [KERNEL32.DLL+0x126bd]
C  [ntdll.dll+0x5dfb8]


---------------  P R O C E S S  ---------------

Threads class SMR info:
_java_thread_list=0x00007fffc0d3d048, length=0, elements={
}

Java Threads: ( => current thread )

Other Threads:
  0x0000023e6b57d0f0 WorkerThread "GC Thread#0" [stack: 0x000000d83a600000,0x000000d83a700000] [id=24568]
  0x0000023e6b58dbd0 ConcurrentGCThread "G1 Main Marker" [stack: 0x000000d83a700000,0x000000d83a800000] [id=25452]
  0x0000023e6b58eda0 WorkerThread "G1 Conc#0" [stack: 0x000000d83a800000,0x000000d83a900000] [id=12716]

[error occurred during error reporting (printing all threads), id 0xc0000005, EXCEPTION_ACCESS_VIOLATION (0xc0000005) at pc=0x00007fffc04fd427]

VM state: not at safepoint (not fully initialized)

VM Mutex/Monitor currently owned by a thread:  ([mutex/lock_event])
[0x0000023e6b519da0] Heap_lock - owner thread: 0x0000023e6b51fcf0

Heap address: 0x0000000083c00000, size: 1988 MB, Compressed Oops mode: 32-bit

CDS archive(s) mapped at: [0x0000000000000000-0x0000000000000000-0x0000000000000000), size 0, SharedBaseAddress: 0x0000000800000000, ArchiveRelocationMode: 0.
Narrow klass base: 0x0000000000000000, Narrow klass shift: 0, Narrow klass range: 0x0

GC Precious Log:
 CardTable entry size: 512
 Card Set container configuration: InlinePtr #cards 5 size 8 Array Of Cards #cards 12 size 40 Howl #buckets 4 coarsen threshold 1843 Howl Bitmap #cards 512 size 80 coarsen threshold 460 Card regions per heap region 1 cards per card region 2048

Heap:
 garbage-first heap   total 0K, used 0K [0x0000000083c00000, 0x0000000100000000)
  region size 1024K, 0 young (0K), 0 survivors (0K)

[error occurred during error reporting (printing heap information), id 0xc0000005, EXCEPTION_ACCESS_VIOLATION (0xc0000005) at pc=0x00007fffc0906649]

GC Heap History (0 events):
No events

Dll operation events (1 events):
Event: 0.030 Loaded shared library D:\SDK\java\jdk-19\bin\java.dll

Deoptimization events (0 events):
No events

Classes loaded (0 events):
No events

Classes unloaded (0 events):
No events

Classes redefined (0 events):
No events

Internal exceptions (0 events):
No events

VM Operations (0 events):
No events

Events (0 events):
No events


Dynamic libraries:
0x00007ff738a20000 - 0x00007ff738a30000 	D:\SDK\java\jdk-19\bin\java.exe
0x00007ff838090000 - 0x00007ff8382a4000 	C:\Windows\SYSTEM32\ntdll.dll
0x00007ff837770000 - 0x00007ff837833000 	C:\Windows\System32\KERNEL32.DLL
0x00007ff835830000 - 0x00007ff835bcc000 	C:\Windows\System32\KERNELBASE.dll
0x00007ff8356a0000 - 0x00007ff8357b1000 	C:\Windows\System32\ucrtbase.dll
0x00007ff815cf0000 - 0x00007ff815d0b000 	D:\SDK\java\jdk-19\bin\VCRUNTIME140.dll
0x00007ff80a570000 - 0x00007ff80a588000 	D:\SDK\java\jdk-19\bin\jli.dll
0x00007ff837e00000 - 0x00007ff837eae000 	C:\Windows\System32\ADVAPI32.dll
0x00007ff837fa0000 - 0x00007ff838047000 	C:\Windows\System32\msvcrt.dll
0x00007ff837840000 - 0x00007ff8378e4000 	C:\Windows\System32\sechost.dll
0x00007ff837bc0000 - 0x00007ff837cd5000 	C:\Windows\System32\RPCRT4.dll
0x00007ff836930000 - 0x00007ff836add000 	C:\Windows\System32\USER32.dll
0x00007ff8355f0000 - 0x00007ff835616000 	C:\Windows\System32\win32u.dll
0x00007ff818ed0000 - 0x00007ff81915e000 	C:\Windows\WinSxS\amd64_microsoft.windows.common-controls_6595b64144ccf1df_6.0.22621.608_none_a9444ca7c10bb01d\COMCTL32.dll
0x00007ff836f90000 - 0x00007ff836fb9000 	C:\Windows\System32\GDI32.dll
0x00007ff8354d0000 - 0x00007ff8355e2000 	C:\Windows\System32\gdi32full.dll
0x00007ff835c90000 - 0x00007ff835d2a000 	C:\Windows\System32\msvcp_win.dll
0x00007ff82aa90000 - 0x00007ff82aa9a000 	C:\Windows\SYSTEM32\VERSION.dll
0x00007ff837ce0000 - 0x00007ff837d12000 	C:\Windows\System32\IMM32.DLL
0x00007ff815fc0000 - 0x00007ff815fcc000 	D:\SDK\java\jdk-19\bin\vcruntime140_1.dll
0x00007ffffe270000 - 0x00007ffffe2fe000 	D:\SDK\java\jdk-19\bin\msvcp140.dll
0x00007fffc01c0000 - 0x00007fffc0e80000 	D:\SDK\java\jdk-19\bin\server\jvm.dll
0x00007ff82a5e0000 - 0x00007ff82a5e9000 	C:\Windows\SYSTEM32\WSOCK32.dll
0x00007ff837950000 - 0x00007ff8379c1000 	C:\Windows\System32\WS2_32.dll
0x00007ff8290b0000 - 0x00007ff8290e4000 	C:\Windows\SYSTEM32\WINMM.dll
0x00007ff834520000 - 0x00007ff834538000 	C:\Windows\SYSTEM32\kernel.appcore.dll
0x00007ff813d50000 - 0x00007ff813d5a000 	D:\SDK\java\jdk-19\bin\jimage.dll
0x00007ff82fe60000 - 0x00007ff83008e000 	C:\Windows\SYSTEM32\DBGHELP.DLL
0x00007ff836ae0000 - 0x00007ff836e6a000 	C:\Windows\System32\combase.dll
0x00007ff837ae0000 - 0x00007ff837bb7000 	C:\Windows\System32\OLEAUT32.dll
0x00007ff811830000 - 0x00007ff811862000 	C:\Windows\SYSTEM32\dbgcore.DLL
0x00007ff835620000 - 0x00007ff83569b000 	C:\Windows\System32\bcryptPrimitives.dll
0x00007ff809d40000 - 0x00007ff809d66000 	D:\SDK\java\jdk-19\bin\java.dll

dbghelp: loaded successfully - version: 4.0.5 - missing functions: none
symbol engine: initialized successfully - sym options: 0x614 - pdb path: .;D:\SDK\java\jdk-19\bin;C:\Windows\SYSTEM32;C:\Windows\WinSxS\amd64_microsoft.windows.common-controls_6595b64144ccf1df_6.0.22621.608_none_a9444ca7c10bb01d;D:\SDK\java\jdk-19\bin\server

VM Arguments:
jvm_args: -Dorg.gradle.appname=gradlew 
java_command: org.gradle.wrapper.GradleWrapperMain -q -Ptarget-platform=android-arm64 -Ptarget=D:\Projects\flutter_projects\Monarchium\lib\main.dart -Pbase-application-name=android.app.Application -Pdart-defines=RkxVVFRFUl9XRUJfQVVUT19ERVRFQ1Q9dHJ1ZQ== -Pdart-obfuscation=false -Ptrack-widget-creation=true -Ptree-shake-icons=false -Pfilesystem-scheme=org-dartlang-root assembleDebug
java_class_path (initial): D:\Projects\flutter_projects\Monarchium\android\\gradle\wrapper\gradle-wrapper.jar
Launcher Type: SUN_STANDARD

[Global flags]
     intx CICompilerCount                          = 4                                         {product} {ergonomic}
     uint ConcGCThreads                            = 2                                         {product} {ergonomic}
     uint G1ConcRefinementThreads                  = 8                                         {product} {ergonomic}
   size_t G1HeapRegionSize                         = 1048576                                   {product} {ergonomic}
    uintx GCDrainStackTargetSize                   = 64                                        {product} {ergonomic}
   size_t InitialHeapSize                          = 132120576                                 {product} {ergonomic}
   size_t MarkStackSize                            = 4194304                                   {product} {ergonomic}
   size_t MaxHeapSize                              = 2084569088                                {product} {ergonomic}
   size_t MinHeapDeltaBytes                        = 1048576                                   {product} {ergonomic}
   size_t MinHeapSize                              = 8388608                                   {product} {ergonomic}
    uintx NonNMethodCodeHeapSize                   = 5839372                                {pd product} {ergonomic}
    uintx NonProfiledCodeHeapSize                  = 122909434                              {pd product} {ergonomic}
    uintx ProfiledCodeHeapSize                     = 122909434                              {pd product} {ergonomic}
    uintx ReservedCodeCacheSize                    = 251658240                              {pd product} {ergonomic}
     bool SegmentedCodeCache                       = true                                      {product} {ergonomic}
   size_t SoftMaxHeapSize                          = 2084569088                             {manageable} {ergonomic}
     bool UseCompressedClassPointers               = true                           {product lp64_product} {ergonomic}
     bool UseCompressedOops                        = true                           {product lp64_product} {ergonomic}
     bool UseG1GC                                  = true                                      {product} {ergonomic}
     bool UseLargePagesIndividualAllocation        = false                                  {pd product} {ergonomic}

Logging:
Log output configuration:
 #0: stdout all=warning uptime,level,tags foldmultilines=false
 #1: stderr all=off uptime,level,tags foldmultilines=false

Environment Variables:
JAVA_HOME=D:\SDK\java\jdk-19
CLASSPATH=D:\Projects\flutter_projects\Monarchium\android\\gradle\wrapper\gradle-wrapper.jar
PATH=C:\Program Files\Common Files\Oracle\Java\javapath;C:\Windows\system32;C:\Windows;C:\Windows\System32\Wbem;C:\Windows\System32\WindowsPowerShell\v1.0\;C:\Windows\System32\OpenSSH\;D:\SDK\Git\cmd;C:\Program Files\dotnet\;C:\ProgramData\chocolatey\bin;D:\SDK\nodejs\;D:\Apps\PuTTY\;D:\SDK\Android\platform-tools;D:\Apps\Microsoft VS Code\bin;D:\Apps\PyCharm 2022.3.2\bin;;D:\SDK\java\jdk-19\bin;D:\SDK\flutter\bin;C:\Users\redni\AppData\Local\GitHubDesktop\bin;D:\SDK\Android;D:\SDK\choco\dart-sdk\bin;C:\Users\redni\AppData\Roaming\Pub\Cache\bin;C:\Program Files\WindowsApps\PythonSoftwareFoundation.Python.3.10_3.10.2544.0_x64__qbz5n2kfra8p0\python3.10.exe;C:\Users\redni\AppData\Roaming\npm;C:\Users\redni\AppData\Local\Pub\Cache\bin;D:\SDK\heroku\bin;D:\SDK\flutter\bin\mingit\cmd
USERNAME=redni
OS=Windows_NT
PROCESSOR_IDENTIFIER=Intel64 Family 6 Model 126 Stepping 5, GenuineIntel
TMP=C:\Users\redni\AppData\Local\Temp
TEMP=C:\Users\redni\AppData\Local\Temp



---------------  S Y S T E M  ---------------

OS:
 Windows 11 , 64 bit Build 22621 (10.0.22621.1194)
OS uptime: 0 days 0:39 hours

CPU: total 8 (initial active 8) (4 cores per cpu, 2 threads per core) family 6 model 126 stepping 5 microcode 0xb2, cx8, cmov, fxsr, ht, mmx, 3dnowpref, sse, sse2, sse3, ssse3, sse4.1, sse4.2, popcnt, lzcnt, tsc, tscinvbit, avx, avx2, aes, erms, clmul, bmi1, bmi2, adx, avx512f, avx512dq, avx512cd, avx512bw, avx512vl, sha, fma, vzeroupper, avx512_vpopcntdq, avx512_vpclmulqdq, avx512_vaes, avx512_vnni, clflush, clflushopt, avx512_vbmi2, avx512_vbmi, rdtscp, rdpid, fsrm, gfni, avx512_bitalg

Memory: 4k page, system-wide physical 7946M (16M free)
TotalPageFile size 30500M (AvailPageFile size 115M)
current process WorkingSet (physical memory assigned to process): 11M, peak: 11M
current process commit charge ("private bytes"): 60M, peak: 186M

vm_info: Java HotSpot(TM) 64-Bit Server VM (19.0.2+7-44) for windows-amd64 JRE (19.0.2+7-44), built on 2022-11-30T18:02:09Z by "mach5one" with MS VC++ 17.1 (VS2022)

END.
